Scanning dependencies of target amg
[  0%] Building CXX object examples/tutorial/CMakeFiles/amg.dir/amg.cpp.o
Linking CXX executable amg
[  0%] Built target amg
Scanning dependencies of target bandwidth-reduction
[  1%] Building CXX object examples/tutorial/CMakeFiles/bandwidth-reduction.dir/bandwidth-reduction.cpp.o
Linking CXX executable bandwidth-reduction
[  1%] Built target bandwidth-reduction
[  2%] Building CXX object examples/tutorial/CMakeFiles/blas1.dir/blas1.cpp.o
Linking CXX executable blas1
[  2%] Built target blas1
Scanning dependencies of target blas2
[  3%] Building CXX object examples/tutorial/CMakeFiles/blas2.dir/blas2.cpp.o
Linking CXX executable blas2
[  3%] Built target blas2
Scanning dependencies of target blas3
[  4%] Building CXX object examples/tutorial/CMakeFiles/blas3.dir/blas3.cpp.o
Linking CXX executable blas3
[  4%] Built target blas3
Scanning dependencies of target custom-context
[  4%] Building CXX object examples/tutorial/CMakeFiles/custom-context.dir/custom-context.cpp.o
Linking CXX executable custom-context
[  4%] Built target custom-context
Scanning dependencies of target custom-kernels
[  5%] Building CXX object examples/tutorial/CMakeFiles/custom-kernels.dir/custom-kernels.cpp.o
Linking CXX executable custom-kernels
[  5%] Built target custom-kernels
Scanning dependencies of target fft
[  6%] Building CXX object examples/tutorial/CMakeFiles/fft.dir/fft.cpp.o
Linking CXX executable fft
[  6%] Built target fft
Scanning dependencies of target iterative
[  7%] Building CXX object examples/tutorial/CMakeFiles/iterative.dir/iterative.cpp.o
Linking CXX executable iterative
[  7%] Built target iterative
Scanning dependencies of target iterative-ublas
[  7%] Building CXX object examples/tutorial/CMakeFiles/iterative-ublas.dir/iterative-ublas.cpp.o
Linking CXX executable iterative-ublas
[  7%] Built target iterative-ublas
Scanning dependencies of target lanczos
[  8%] Building CXX object examples/tutorial/CMakeFiles/lanczos.dir/lanczos.cpp.o
Linking CXX executable lanczos
[  8%] Built target lanczos
Scanning dependencies of target least-squares
[  9%] Building CXX object examples/tutorial/CMakeFiles/least-squares.dir/least-squares.cpp.o
Linking CXX executable least-squares
[  9%] Built target least-squares
Scanning dependencies of target viennacl
[ 10%] Building CXX object libviennacl/CMakeFiles/viennacl.dir/src/backend.cpp.o
[ 11%] Building CXX object libviennacl/CMakeFiles/viennacl.dir/src/blas1.cpp.o
[ 12%] Building CXX object libviennacl/CMakeFiles/viennacl.dir/src/blas1_host.cpp.o
[ 13%] Building CXX object libviennacl/CMakeFiles/viennacl.dir/src/blas1_opencl.cpp.o
[ 14%] Building CXX object libviennacl/CMakeFiles/viennacl.dir/src/blas2.cpp.o
[ 14%] Building CXX object libviennacl/CMakeFiles/viennacl.dir/src/blas2_host.cpp.o
[ 15%] Building CXX object libviennacl/CMakeFiles/viennacl.dir/src/blas2_opencl.cpp.o
[ 16%] Building CXX object libviennacl/CMakeFiles/viennacl.dir/src/blas3.cpp.o
[ 17%] Building CXX object libviennacl/CMakeFiles/viennacl.dir/src/blas3_host.cpp.o
[ 18%] Building CXX object libviennacl/CMakeFiles/viennacl.dir/src/blas3_opencl.cpp.o
Linking CXX shared library libviennacl.so
[ 18%] Built target viennacl
Scanning dependencies of target libviennacl-tutorial
[ 19%] Building CXX object examples/tutorial/CMakeFiles/libviennacl-tutorial.dir/libviennacl.cpp.o
Linking CXX executable libviennacl-tutorial
[ 19%] Built target libviennacl-tutorial
Scanning dependencies of target matrix-range
[ 20%] Building CXX object examples/tutorial/CMakeFiles/matrix-range.dir/matrix-range.cpp.o
Linking CXX executable matrix-range
[ 20%] Built target matrix-range
Scanning dependencies of target multithreaded
[ 21%] Building CXX object examples/tutorial/CMakeFiles/multithreaded.dir/multithreaded.cpp.o
Linking CXX executable multithreaded
[ 21%] Built target multithreaded
Scanning dependencies of target multithreaded_cg
[ 22%] Building CXX object examples/tutorial/CMakeFiles/multithreaded_cg.dir/multithreaded_cg.cpp.o
Linking CXX executable multithreaded_cg
[ 22%] Built target multithreaded_cg
Scanning dependencies of target power-iter
[ 23%] Building CXX object examples/tutorial/CMakeFiles/power-iter.dir/power-iter.cpp.o
Linking CXX executable power-iter
[ 23%] Built target power-iter
Scanning dependencies of target qr
[ 23%] Building CXX object examples/tutorial/CMakeFiles/qr.dir/qr.cpp.o
Linking CXX executable qr
[ 23%] Built target qr
Scanning dependencies of target scheduler
[ 24%] Building CXX object examples/tutorial/CMakeFiles/scheduler.dir/scheduler.cpp.o
Linking CXX executable scheduler
[ 24%] Built target scheduler
Scanning dependencies of target spai
[ 25%] Building CXX object examples/tutorial/CMakeFiles/spai.dir/spai.cpp.o
Linking CXX executable spai
[ 25%] Built target spai
Scanning dependencies of target sparse
[ 26%] Building CXX object examples/tutorial/CMakeFiles/sparse.dir/sparse.cpp.o
Linking CXX executable sparse
[ 26%] Built target sparse
Scanning dependencies of target structured-matrices
[ 27%] Building CXX object examples/tutorial/CMakeFiles/structured-matrices.dir/structured-matrices.cpp.o
Linking CXX executable structured-matrices
[ 27%] Built target structured-matrices
Scanning dependencies of target vector-range
[ 28%] Building CXX object examples/tutorial/CMakeFiles/vector-range.dir/vector-range.cpp.o
Linking CXX executable vector-range
[ 28%] Built target vector-range
Scanning dependencies of target viennacl-info
[ 29%] Building CXX object examples/tutorial/CMakeFiles/viennacl-info.dir/viennacl-info.cpp.o
Linking CXX executable viennacl-info
[ 29%] Built target viennacl-info
Scanning dependencies of target wrap-host-buffer
[ 30%] Building CXX object examples/tutorial/CMakeFiles/wrap-host-buffer.dir/wrap-host-buffer.cpp.o
Linking CXX executable wrap-host-buffer
[ 30%] Built target wrap-host-buffer
Scanning dependencies of target dot_autotuning
[ 31%] Building CXX object examples/autotuner/CMakeFiles/dot_autotuning.dir/dot_autotuning.cpp.o
Linking CXX executable dot_autotuning
[ 31%] Built target dot_autotuning
Scanning dependencies of target dump_default_kernels
[ 32%] Building CXX object examples/autotuner/CMakeFiles/dump_default_kernels.dir/dump_default_kernels.cpp.o
Linking CXX executable dump_default_kernels
[ 32%] Built target dump_default_kernels
Scanning dependencies of target gemm_autotuning
[ 33%] Building CXX object examples/autotuner/CMakeFiles/gemm_autotuning.dir/gemm_autotuning.cpp.o
Linking CXX executable gemm_autotuning
[ 33%] Built target gemm_autotuning
Scanning dependencies of target gemv_autotuning
[ 34%] Building CXX object examples/autotuner/CMakeFiles/gemv_autotuning.dir/gemv_autotuning.cpp.o
Linking CXX executable gemv_autotuning
[ 34%] Built target gemv_autotuning
Scanning dependencies of target vector-axpy_autotuning
[ 34%] Building CXX object examples/autotuner/CMakeFiles/vector-axpy_autotuning.dir/vector-axpy_autotuning.cpp.o
Linking CXX executable vector-axpy_autotuning
[ 34%] Built target vector-axpy_autotuning
Scanning dependencies of target blas3bench-cpu
[ 35%] Building CXX object examples/benchmarks/CMakeFiles/blas3bench-cpu.dir/blas3.cpp.o
Linking CXX executable blas3bench-cpu
[ 35%] Built target blas3bench-cpu
Scanning dependencies of target blas3bench-opencl
[ 36%] Building CXX object examples/benchmarks/CMakeFiles/blas3bench-opencl.dir/blas3.cpp.o
Linking CXX executable blas3bench-opencl
[ 36%] Built target blas3bench-opencl
Scanning dependencies of target copybench-cpu
[ 37%] Building CXX object examples/benchmarks/CMakeFiles/copybench-cpu.dir/copy.cpp.o
Linking CXX executable copybench-cpu
[ 37%] Built target copybench-cpu
Scanning dependencies of target copybench-opencl
[ 38%] Building CXX object examples/benchmarks/CMakeFiles/copybench-opencl.dir/copy.cpp.o
Linking CXX executable copybench-opencl
[ 38%] Built target copybench-opencl
Scanning dependencies of target generator_blas1bench-opencl
[ 39%] Building CXX object examples/benchmarks/CMakeFiles/generator_blas1bench-opencl.dir/generator_blas1.cpp.o
Linking CXX executable generator_blas1bench-opencl
[ 39%] Built target generator_blas1bench-opencl
Scanning dependencies of target generator_blas2bench-opencl
[ 39%] Building CXX object examples/benchmarks/CMakeFiles/generator_blas2bench-opencl.dir/generator_blas2.cpp.o
Linking CXX executable generator_blas2bench-opencl
[ 39%] Built target generator_blas2bench-opencl
Scanning dependencies of target generator_blas3bench-opencl
[ 40%] Building CXX object examples/benchmarks/CMakeFiles/generator_blas3bench-opencl.dir/generator_blas3.cpp.o
Linking CXX executable generator_blas3bench-opencl
[ 40%] Built target generator_blas3bench-opencl
Scanning dependencies of target openclbench-opencl
[ 41%] Building CXX object examples/benchmarks/CMakeFiles/openclbench-opencl.dir/opencl.cpp.o
Linking CXX executable openclbench-opencl
[ 41%] Built target openclbench-opencl
Scanning dependencies of target schedulerbench-cpu
[ 42%] Building CXX object examples/benchmarks/CMakeFiles/schedulerbench-cpu.dir/scheduler.cpp.o
Linking CXX executable schedulerbench-cpu
[ 42%] Built target schedulerbench-cpu
Scanning dependencies of target solverbench-cpu
[ 43%] Building CXX object examples/benchmarks/CMakeFiles/solverbench-cpu.dir/solver.cpp.o
Linking CXX executable solverbench-cpu
[ 43%] Built target solverbench-cpu
Scanning dependencies of target solverbench-opencl
[ 43%] Building CXX object examples/benchmarks/CMakeFiles/solverbench-opencl.dir/solver.cpp.o
Linking CXX executable solverbench-opencl
[ 43%] Built target solverbench-opencl
Scanning dependencies of target sparsebench-cpu
[ 44%] Building CXX object examples/benchmarks/CMakeFiles/sparsebench-cpu.dir/sparse.cpp.o
Linking CXX executable sparsebench-cpu
[ 44%] Built target sparsebench-cpu
Scanning dependencies of target sparsebench-opencl
[ 44%] Building CXX object examples/benchmarks/CMakeFiles/sparsebench-opencl.dir/sparse.cpp.o
Linking CXX executable sparsebench-opencl
[ 44%] Built target sparsebench-opencl
Scanning dependencies of target vectorbench-cpu
[ 45%] Building CXX object examples/benchmarks/CMakeFiles/vectorbench-cpu.dir/vector.cpp.o
Linking CXX executable vectorbench-cpu
[ 45%] Built target vectorbench-cpu
Scanning dependencies of target vectorbench-opencl
[ 45%] Building CXX object examples/benchmarks/CMakeFiles/vectorbench-opencl.dir/vector.cpp.o
Linking CXX executable vectorbench-opencl
[ 45%] Built target vectorbench-opencl
[ 46%] Built target bidiag_test-test-cpu
Scanning dependencies of target blas3_prod_double-test-cpu
[ 46%] Building CXX object tests/CMakeFiles/blas3_prod_double-test-cpu.dir/src/blas3_prod_double.cpp.o
Linking CXX executable blas3_prod_double-test-cpu
[ 46%] Built target blas3_prod_double-test-cpu
Scanning dependencies of target blas3_prod_double-test-opencl
[ 47%] Building CXX object tests/CMakeFiles/blas3_prod_double-test-opencl.dir/src/blas3_prod_double.cpp.o
Linking CXX executable blas3_prod_double-test-opencl
[ 47%] Built target blas3_prod_double-test-opencl
Scanning dependencies of target blas3_prod_float-test-cpu
[ 48%] Building CXX object tests/CMakeFiles/blas3_prod_float-test-cpu.dir/src/blas3_prod_float.cpp.o
Linking CXX executable blas3_prod_float-test-cpu
[ 48%] Built target blas3_prod_float-test-cpu
Scanning dependencies of target blas3_prod_float-test-opencl
[ 49%] Building CXX object tests/CMakeFiles/blas3_prod_float-test-opencl.dir/src/blas3_prod_float.cpp.o
Linking CXX executable blas3_prod_float-test-opencl
[ 49%] Built target blas3_prod_float-test-opencl
Scanning dependencies of target blas3_solve_double-test-cpu
[ 50%] Building CXX object tests/CMakeFiles/blas3_solve_double-test-cpu.dir/src/blas3_solve_double.cpp.o
Linking CXX executable blas3_solve_double-test-cpu
[ 50%] Built target blas3_solve_double-test-cpu
Scanning dependencies of target blas3_solve_double-test-opencl
[ 51%] Building CXX object tests/CMakeFiles/blas3_solve_double-test-opencl.dir/src/blas3_solve_double.cpp.o
Linking CXX executable blas3_solve_double-test-opencl
[ 51%] Built target blas3_solve_double-test-opencl
Scanning dependencies of target blas3_solve_float-test-cpu
[ 51%] Building CXX object tests/CMakeFiles/blas3_solve_float-test-cpu.dir/src/blas3_solve_float.cpp.o
Linking CXX executable blas3_solve_float-test-cpu
[ 51%] Built target blas3_solve_float-test-cpu
Scanning dependencies of target blas3_solve_float-test-opencl
[ 52%] Building CXX object tests/CMakeFiles/blas3_solve_float-test-opencl.dir/src/blas3_solve_float.cpp.o
Linking CXX executable blas3_solve_float-test-opencl
[ 52%] Built target blas3_solve_float-test-opencl
Scanning dependencies of target external_linkage-opencl
[ 53%] Building CXX object tests/CMakeFiles/external_linkage-opencl.dir/src/external_1.cpp.o
In file included from /home/andi/ViennaCL-1.5.2/tests/src/external_1.cpp:62:0:
/home/andi/ViennaCL-1.5.2/viennacl/linalg/svd.hpp: In function ‘void viennacl::linalg::svd(viennacl::matrix<SCALARTYPE, viennacl::row_major, ALIGNMENT>&, viennacl::matrix<SCALARTYPE, viennacl::row_major, ALIGNMENT>&, viennacl::matrix<SCALARTYPE, viennacl::row_major, ALIGNMENT>&)’:
/home/andi/ViennaCL-1.5.2/viennacl/linalg/svd.hpp:517:7: error: ‘bidiag_pack’ is not a member of ‘viennacl::linalg::detail’
       detail::bidiag_pack(A, dh, sh);
       ^
/home/andi/ViennaCL-1.5.2/viennacl/linalg/svd.hpp:517:7: note: suggested alternatives:
In file included from /home/andi/ViennaCL-1.5.2/viennacl/matrix.hpp:28:0,
                 from /home/andi/ViennaCL-1.5.2/tests/src/external_1.cpp:36:
/home/andi/ViennaCL-1.5.2/viennacl/linalg/matrix_operations.hpp:783:10: note:   ‘viennacl::linalg::bidiag_pack’
     void bidiag_pack(viennacl::matrix<SCALARTYPE, row_major, ALIGNMENT>& A,
          ^
In file included from /home/andi/ViennaCL-1.5.2/viennacl/linalg/matrix_operations.hpp:38:0,
                 from /home/andi/ViennaCL-1.5.2/viennacl/matrix.hpp:28,
                 from /home/andi/ViennaCL-1.5.2/tests/src/external_1.cpp:36:
/home/andi/ViennaCL-1.5.2/viennacl/linalg/host_based/matrix_operations.hpp:1177:13: note:   ‘viennacl::linalg::host_based::bidiag_pack’
        void bidiag_pack(viennacl::matrix<SCALARTYPE, row_major, ALIGNMENT>& A,
             ^
In file included from /home/andi/ViennaCL-1.5.2/viennacl/linalg/matrix_operations.hpp:41:0,
                 from /home/andi/ViennaCL-1.5.2/viennacl/matrix.hpp:28,
                 from /home/andi/ViennaCL-1.5.2/tests/src/external_1.cpp:36:
/home/andi/ViennaCL-1.5.2/viennacl/linalg/opencl/matrix_operations.hpp:1002:12: note:   ‘viennacl::linalg::opencl::bidiag_pack’
       void bidiag_pack(viennacl::matrix<SCALARTYPE, row_major, ALIGNMENT>& A,
            ^
[ 54%] Building CXX object tests/CMakeFiles/external_linkage-opencl.dir/src/external_2.cpp.o
In file included from /home/andi/ViennaCL-1.5.2/tests/src/external_2.cpp:62:0:
/home/andi/ViennaCL-1.5.2/viennacl/linalg/svd.hpp: In function ‘void viennacl::linalg::svd(viennacl::matrix<SCALARTYPE, viennacl::row_major, ALIGNMENT>&, viennacl::matrix<SCALARTYPE, viennacl::row_major, ALIGNMENT>&, viennacl::matrix<SCALARTYPE, viennacl::row_major, ALIGNMENT>&)’:
/home/andi/ViennaCL-1.5.2/viennacl/linalg/svd.hpp:517:7: error: ‘bidiag_pack’ is not a member of ‘viennacl::linalg::detail’
       detail::bidiag_pack(A, dh, sh);
       ^
/home/andi/ViennaCL-1.5.2/viennacl/linalg/svd.hpp:517:7: note: suggested alternatives:
In file included from /home/andi/ViennaCL-1.5.2/viennacl/matrix.hpp:28:0,
                 from /home/andi/ViennaCL-1.5.2/tests/src/external_2.cpp:36:
/home/andi/ViennaCL-1.5.2/viennacl/linalg/matrix_operations.hpp:783:10: note:   ‘viennacl::linalg::bidiag_pack’
     void bidiag_pack(viennacl::matrix<SCALARTYPE, row_major, ALIGNMENT>& A,
          ^
In file included from /home/andi/ViennaCL-1.5.2/viennacl/linalg/matrix_operations.hpp:38:0,
                 from /home/andi/ViennaCL-1.5.2/viennacl/matrix.hpp:28,
                 from /home/andi/ViennaCL-1.5.2/tests/src/external_2.cpp:36:
/home/andi/ViennaCL-1.5.2/viennacl/linalg/host_based/matrix_operations.hpp:1177:13: note:   ‘viennacl::linalg::host_based::bidiag_pack’
        void bidiag_pack(viennacl::matrix<SCALARTYPE, row_major, ALIGNMENT>& A,
             ^
In file included from /home/andi/ViennaCL-1.5.2/viennacl/linalg/matrix_operations.hpp:41:0,
                 from /home/andi/ViennaCL-1.5.2/viennacl/matrix.hpp:28,
                 from /home/andi/ViennaCL-1.5.2/tests/src/external_2.cpp:36:
/home/andi/ViennaCL-1.5.2/viennacl/linalg/opencl/matrix_operations.hpp:1002:12: note:   ‘viennacl::linalg::opencl::bidiag_pack’
       void bidiag_pack(viennacl::matrix<SCALARTYPE, row_major, ALIGNMENT>& A,
            ^
Linking CXX executable external_linkage-opencl
c++: error: CMakeFiles/external_linkage-opencl.dir/src/external_1.cpp.o: Datei oder Verzeichnis nicht gefunden
c++: error: CMakeFiles/external_linkage-opencl.dir/src/external_2.cpp.o: Datei oder Verzeichnis nicht gefunden
[ 54%] Built target external_linkage-opencl
Scanning dependencies of target fft-test-opencl
[ 54%] Building CXX object tests/CMakeFiles/fft-test-opencl.dir/src/fft.cpp.o
Linking CXX executable fft-test-opencl
[ 54%] Built target fft-test-opencl
Scanning dependencies of target generator_blas1-test-opencl
[ 55%] Building CXX object tests/CMakeFiles/generator_blas1-test-opencl.dir/src/generator_blas1.cpp.o
Linking CXX executable generator_blas1-test-opencl
[ 55%] Built target generator_blas1-test-opencl
Scanning dependencies of target generator_blas2-test-opencl
[ 56%] Building CXX object tests/CMakeFiles/generator_blas2-test-opencl.dir/src/generator_blas2.cpp.o
Linking CXX executable generator_blas2-test-opencl
[ 56%] Built target generator_blas2-test-opencl
Scanning dependencies of target generator_blas3-test-opencl
[ 57%] Building CXX object tests/CMakeFiles/generator_blas3-test-opencl.dir/src/generator_blas3.cpp.o
Linking CXX executable generator_blas3-test-opencl
[ 57%] Built target generator_blas3-test-opencl
Scanning dependencies of target global_variables-test-cpu
[ 58%] Building CXX object tests/CMakeFiles/global_variables-test-cpu.dir/src/global_variables.cpp.o
Linking CXX executable global_variables-test-cpu
[ 58%] Built target global_variables-test-cpu
Scanning dependencies of target global_variables-test-opencl
[ 59%] Building CXX object tests/CMakeFiles/global_variables-test-opencl.dir/src/global_variables.cpp.o
Linking CXX executable global_variables-test-opencl
[ 59%] Built target global_variables-test-opencl
Scanning dependencies of target iterators-test-cpu
[ 60%] Building CXX object tests/CMakeFiles/iterators-test-cpu.dir/src/iterators.cpp.o
Linking CXX executable iterators-test-cpu
[ 60%] Built target iterators-test-cpu
Scanning dependencies of target iterators-test-opencl
[ 61%] Building CXX object tests/CMakeFiles/iterators-test-opencl.dir/src/iterators.cpp.o
Linking CXX executable iterators-test-opencl
[ 61%] Built target iterators-test-opencl
Scanning dependencies of target libviennacl_blas1-test
[ 61%] Building CXX object tests/CMakeFiles/libviennacl_blas1-test.dir/src/libviennacl_blas1.cpp.o
Linking CXX executable libviennacl_blas1-test
[ 61%] Built target libviennacl_blas1-test
Scanning dependencies of target libviennacl_blas2-test
[ 62%] Building CXX object tests/CMakeFiles/libviennacl_blas2-test.dir/src/libviennacl_blas2.cpp.o
Linking CXX executable libviennacl_blas2-test
[ 62%] Built target libviennacl_blas2-test
Scanning dependencies of target libviennacl_blas3-test
[ 63%] Building CXX object tests/CMakeFiles/libviennacl_blas3-test.dir/src/libviennacl_blas3.cpp.o
Linking CXX executable libviennacl_blas3-test
[ 63%] Built target libviennacl_blas3-test
Scanning dependencies of target matrix_col_double-test-cpu
[ 64%] Building CXX object tests/CMakeFiles/matrix_col_double-test-cpu.dir/src/matrix_col_double.cpp.o
Linking CXX executable matrix_col_double-test-cpu
[ 64%] Built target matrix_col_double-test-cpu
Scanning dependencies of target matrix_col_double-test-opencl
[ 65%] Building CXX object tests/CMakeFiles/matrix_col_double-test-opencl.dir/src/matrix_col_double.cpp.o
Linking CXX executable matrix_col_double-test-opencl
[ 65%] Built target matrix_col_double-test-opencl
Scanning dependencies of target matrix_col_float-test-cpu
[ 66%] Building CXX object tests/CMakeFiles/matrix_col_float-test-cpu.dir/src/matrix_col_float.cpp.o
Linking CXX executable matrix_col_float-test-cpu
[ 66%] Built target matrix_col_float-test-cpu
Scanning dependencies of target matrix_col_float-test-opencl
[ 66%] Building CXX object tests/CMakeFiles/matrix_col_float-test-opencl.dir/src/matrix_col_float.cpp.o
Linking CXX executable matrix_col_float-test-opencl
[ 66%] Built target matrix_col_float-test-opencl
Scanning dependencies of target matrix_col_int-test-cpu
[ 67%] Building CXX object tests/CMakeFiles/matrix_col_int-test-cpu.dir/src/matrix_col_int.cpp.o
Linking CXX executable matrix_col_int-test-cpu
[ 67%] Built target matrix_col_int-test-cpu
Scanning dependencies of target matrix_col_int-test-opencl
[ 68%] Building CXX object tests/CMakeFiles/matrix_col_int-test-opencl.dir/src/matrix_col_int.cpp.o
Linking CXX executable matrix_col_int-test-opencl
[ 68%] Built target matrix_col_int-test-opencl
Scanning dependencies of target matrix_row_double-test-cpu
[ 69%] Building CXX object tests/CMakeFiles/matrix_row_double-test-cpu.dir/src/matrix_row_double.cpp.o
Linking CXX executable matrix_row_double-test-cpu
[ 69%] Built target matrix_row_double-test-cpu
Scanning dependencies of target matrix_row_double-test-opencl
[ 70%] Building CXX object tests/CMakeFiles/matrix_row_double-test-opencl.dir/src/matrix_row_double.cpp.o
Linking CXX executable matrix_row_double-test-opencl
[ 70%] Built target matrix_row_double-test-opencl
Scanning dependencies of target matrix_row_float-test-cpu
[ 71%] Building CXX object tests/CMakeFiles/matrix_row_float-test-cpu.dir/src/matrix_row_float.cpp.o
Linking CXX executable matrix_row_float-test-cpu
[ 71%] Built target matrix_row_float-test-cpu
Scanning dependencies of target matrix_row_float-test-opencl
[ 71%] Building CXX object tests/CMakeFiles/matrix_row_float-test-opencl.dir/src/matrix_row_float.cpp.o
Linking CXX executable matrix_row_float-test-opencl
[ 71%] Built target matrix_row_float-test-opencl
Scanning dependencies of target matrix_row_int-test-cpu
[ 72%] Building CXX object tests/CMakeFiles/matrix_row_int-test-cpu.dir/src/matrix_row_int.cpp.o
Linking CXX executable matrix_row_int-test-cpu
[ 72%] Built target matrix_row_int-test-cpu
Scanning dependencies of target matrix_row_int-test-opencl
[ 73%] Building CXX object tests/CMakeFiles/matrix_row_int-test-opencl.dir/src/matrix_row_int.cpp.o
Linking CXX executable matrix_row_int-test-opencl
[ 73%] Built target matrix_row_int-test-opencl
Scanning dependencies of target matrix_vector-test-cpu
[ 74%] Building CXX object tests/CMakeFiles/matrix_vector-test-cpu.dir/src/matrix_vector.cpp.o
Linking CXX executable matrix_vector-test-cpu
[ 74%] Built target matrix_vector-test-cpu
Scanning dependencies of target matrix_vector-test-opencl
[ 75%] Building CXX object tests/CMakeFiles/matrix_vector-test-opencl.dir/src/matrix_vector.cpp.o
Linking CXX executable matrix_vector-test-opencl
[ 75%] Built target matrix_vector-test-opencl
Scanning dependencies of target matrix_vector_int-test-cpu
[ 76%] Building CXX object tests/CMakeFiles/matrix_vector_int-test-cpu.dir/src/matrix_vector_int.cpp.o
Linking CXX executable matrix_vector_int-test-cpu
[ 76%] Built target matrix_vector_int-test-cpu
Scanning dependencies of target matrix_vector_int-test-opencl
[ 76%] Building CXX object tests/CMakeFiles/matrix_vector_int-test-opencl.dir/src/matrix_vector_int.cpp.o
Linking CXX executable matrix_vector_int-test-opencl
[ 76%] Built target matrix_vector_int-test-opencl
Scanning dependencies of target nmf-test-opencl
[ 77%] Building CXX object tests/CMakeFiles/nmf-test-opencl.dir/src/nmf.cpp.o
/home/andi/ViennaCL-1.5.2/tests/src/nmf.cpp: In function ‘void test_nmf(std::size_t, std::size_t, std::size_t)’:
/home/andi/ViennaCL-1.5.2/tests/src/nmf.cpp:98:118: warning: format ‘%lu’ expects argument of type ‘long unsigned int’, but argument 3 has type ‘std::size_t {aka unsigned int}’ [-Wformat=]
     printf("%6s [%lux%lux%lu] diff = %.6f (%ld iterations)\n", diff_ok ? "[[OK]]":"[FAIL]", m, k, n, diff, iterations);
                                                                                                                      ^
/home/andi/ViennaCL-1.5.2/tests/src/nmf.cpp:98:118: warning: format ‘%lu’ expects argument of type ‘long unsigned int’, but argument 4 has type ‘std::size_t {aka unsigned int}’ [-Wformat=]
/home/andi/ViennaCL-1.5.2/tests/src/nmf.cpp:98:118: warning: format ‘%lu’ expects argument of type ‘long unsigned int’, but argument 5 has type ‘std::size_t {aka unsigned int}’ [-Wformat=]
Linking CXX executable nmf-test-opencl
[ 77%] Built target nmf-test-opencl
Scanning dependencies of target qr_method-test-cpu
[ 78%] Building CXX object tests/CMakeFiles/qr_method-test-cpu.dir/src/qr_method.cpp.o
In file included from /home/andi/ViennaCL-1.5.2/viennacl/linalg/qr-method.hpp:25:0,
                 from /home/andi/ViennaCL-1.5.2/tests/src/qr_method.cpp:35:
/home/andi/ViennaCL-1.5.2/viennacl/linalg/qr-method-common.hpp: In function ‘void viennacl::linalg::detail::copy_vec(viennacl::matrix<SCALARTYPE, viennacl::row_major, ALIGNMENT>&, viennacl::vector<SCALARTYPE, ALIGNMENT>&, viennacl::vcl_size_t, viennacl::vcl_size_t, bool)’:
/home/andi/ViennaCL-1.5.2/viennacl/linalg/qr-method-common.hpp:156:77: error: ‘opencl_handle’ is not a member of ‘viennacl::traits’
         viennacl::ocl::context & ctx = const_cast<viennacl::ocl::context &>(viennacl::traits::opencl_handle(A).context());
                                                                             ^
In file included from /home/andi/ViennaCL-1.5.2/tests/src/qr_method.cpp:35:0:
/home/andi/ViennaCL-1.5.2/viennacl/linalg/qr-method.hpp: In function ‘void viennacl::linalg::detail::final_iter_update_gpu(MatrixT&, int, int, SCALARTYPE, SCALARTYPE)’:
/home/andi/ViennaCL-1.5.2/viennacl/linalg/qr-method.hpp:251:81: error: ‘opencl_handle’ is not a member of ‘viennacl::traits’
             viennacl::ocl::context & ctx = const_cast<viennacl::ocl::context &>(viennacl::traits::opencl_handle(A).context());
                                                                                 ^
/home/andi/ViennaCL-1.5.2/viennacl/linalg/qr-method.hpp: In function ‘void viennacl::linalg::detail::update_float_QR_column_gpu(MatrixT&, const std::vector<RowType>&, viennacl::vector<T>&, int, int, int, bool)’:
/home/andi/ViennaCL-1.5.2/viennacl/linalg/qr-method.hpp:275:81: error: ‘opencl_handle’ is not a member of ‘viennacl::traits’
             viennacl::ocl::context & ctx = const_cast<viennacl::ocl::context &>(viennacl::traits::opencl_handle(A).context());
                                                                                 ^
/home/andi/ViennaCL-1.5.2/viennacl/linalg/qr-method.hpp: In function ‘void viennacl::linalg::detail::qr_method(viennacl::matrix<SCALARTYPE, F, ALIGNMENT>&, viennacl::matrix<SCALARTYPE, F, ALIGNMENT>&, boost::numeric::ublas::vector<SCALARTYPE>&, boost::numeric::ublas::vector<SCALARTYPE>&, bool)’:
/home/andi/ViennaCL-1.5.2/viennacl/linalg/qr-method.hpp:953:81: error: ‘opencl_handle’ is not a member of ‘viennacl::traits’
             viennacl::ocl::context & ctx = const_cast<viennacl::ocl::context &>(viennacl::traits::opencl_handle(A).context());
                                                                                 ^
/home/andi/ViennaCL-1.5.2/viennacl/linalg/qr-method.hpp: In instantiation of ‘void viennacl::linalg::detail::qr_method(viennacl::matrix<SCALARTYPE, F, ALIGNMENT>&, viennacl::matrix<SCALARTYPE, F, ALIGNMENT>&, boost::numeric::ublas::vector<SCALARTYPE>&, boost::numeric::ublas::vector<SCALARTYPE>&, bool) [with SCALARTYPE = float; F = viennacl::row_major; unsigned int ALIGNMENT = 1u]’:
/home/andi/ViennaCL-1.5.2/viennacl/linalg/qr-method.hpp:1034:43:   required from ‘void viennacl::linalg::qr_method_sym(viennacl::matrix<SCALARTYPE, F, ALIGNMENT>&, viennacl::matrix<SCALARTYPE, F, ALIGNMENT>&, boost::numeric::ublas::vector<SCALARTYPE>&) [with SCALARTYPE = float; F = viennacl::row_major; unsigned int ALIGNMENT = 1u]’
/home/andi/ViennaCL-1.5.2/tests/src/qr_method.cpp:207:61:   required from here
/home/andi/ViennaCL-1.5.2/viennacl/linalg/qr-method.hpp:962:15: error: no matching function for call to ‘viennacl::identity_matrix<float>::identity_matrix(viennacl::matrix_base<float, viennacl::row_major, unsigned int, int>::size_type, viennacl::ocl::context&)’
             Q = viennacl::identity_matrix<SCALARTYPE>(Q.size1(), ctx);
               ^
/home/andi/ViennaCL-1.5.2/viennacl/linalg/qr-method.hpp:962:15: note: candidates are:
In file included from /home/andi/ViennaCL-1.5.2/viennacl/linalg/qr-method.hpp:22:0,
                 from /home/andi/ViennaCL-1.5.2/tests/src/qr_method.cpp:35:
/home/andi/ViennaCL-1.5.2/viennacl/matrix.hpp:83:7: note: viennacl::identity_matrix<SCALARTYPE>::identity_matrix(viennacl::identity_matrix<SCALARTYPE>::size_type, viennacl::context) [with SCALARTYPE = float; viennacl::identity_matrix<SCALARTYPE>::size_type = unsigned int]
       identity_matrix(size_type s, viennacl::context ctx = viennacl::context()) : size_(s), diag_(1), off_diag_(0), ctx_(ctx) {}
       ^
/home/andi/ViennaCL-1.5.2/viennacl/matrix.hpp:83:7: note:   no known conversion for argument 2 from ‘viennacl::ocl::context’ to ‘viennacl::context’
/home/andi/ViennaCL-1.5.2/viennacl/matrix.hpp:77:9: note: viennacl::identity_matrix<float>::identity_matrix(const viennacl::identity_matrix<float>&)
   class identity_matrix
         ^
/home/andi/ViennaCL-1.5.2/viennacl/matrix.hpp:77:9: note:   candidate expects 1 argument, 2 provided
Linking CXX executable qr_method-test-cpu
c++: error: CMakeFiles/qr_method-test-cpu.dir/src/qr_method.cpp.o: Datei oder Verzeichnis nicht gefunden
[ 78%] Built target qr_method-test-cpu
Scanning dependencies of target qr_method-test-opencl
[ 79%] Building CXX object tests/CMakeFiles/qr_method-test-opencl.dir/src/qr_method.cpp.o
In file included from /home/andi/ViennaCL-1.5.2/viennacl/linalg/qr-method.hpp:21:0,
                 from /home/andi/ViennaCL-1.5.2/tests/src/qr_method.cpp:35:
/home/andi/ViennaCL-1.5.2/viennacl/vector.hpp: In instantiation of ‘viennacl::vector_base<SCALARTYPE, SizeType, DistanceType>::self_type& viennacl::vector_base<SCALARTYPE, SizeType, DistanceType>::operator=(const viennacl::vector_expression<const LHS, const RHS, OP>&) [with LHS = viennacl::vector_base<float>; RHS = double; OP = viennacl::op_mult; SCALARTYPE = float; SizeType = unsigned int; DistanceType = int; viennacl::vector_base<SCALARTYPE, SizeType, DistanceType>::self_type = viennacl::vector_base<float>]’:
/home/andi/ViennaCL-1.5.2/viennacl/vector.hpp:2166:17:   required from ‘static void viennacl::linalg::detail::op_executor<viennacl::vector_base<T>, viennacl::op_assign, viennacl::vector_expression<const viennacl::vector_expression<const LHS, const RHS, OP>, const ScalarType, viennacl::op_mult> >::apply(viennacl::vector_base<T>&, const viennacl::vector_expression<const viennacl::vector_expression<const LHS, const RHS, OP>, const ScalarType, viennacl::op_mult>&) [with T = float; LHS = viennacl::matrix_expression<const viennacl::matrix_base<float>, const viennacl::matrix_base<float>, viennacl::op_trans>; RHS = viennacl::vector_base<float>; OP = viennacl::op_prod; ScalarType = double]’
/home/andi/ViennaCL-1.5.2/viennacl/vector.hpp:525:124:   required from ‘viennacl::vector_base<SCALARTYPE, SizeType, DistanceType>::self_type& viennacl::vector_base<SCALARTYPE, SizeType, DistanceType>::operator=(const viennacl::vector_expression<const LHS, const RHS, OP>&) [with LHS = viennacl::vector_expression<const viennacl::matrix_expression<const viennacl::matrix_base<float>, const viennacl::matrix_base<float>, viennacl::op_trans>, const viennacl::vector_base<float>, viennacl::op_prod>; RHS = double; OP = viennacl::op_mult; SCALARTYPE = float; SizeType = unsigned int; DistanceType = int; viennacl::vector_base<SCALARTYPE, SizeType, DistanceType>::self_type = viennacl::vector_base<float>]’
/home/andi/ViennaCL-1.5.2/viennacl/vector.hpp:1061:33:   required from ‘viennacl::vector<SCALARTYPE, ALIGNMENT>::self_type& viennacl::vector<SCALARTYPE, ALIGNMENT>::operator=(const T&) [with T = viennacl::vector_expression<const viennacl::vector_expression<const viennacl::matrix_expression<const viennacl::matrix_base<float>, const viennacl::matrix_base<float>, viennacl::op_trans>, const viennacl::vector_base<float>, viennacl::op_prod>, const double, viennacl::op_mult>; SCALARTYPE = float; unsigned int ALIGNMENT = 1u; viennacl::vector<SCALARTYPE, ALIGNMENT>::self_type = viennacl::vector<float>]’
/home/andi/ViennaCL-1.5.2/viennacl/linalg/host_based/matrix_operations.hpp:1217:16:   required from ‘void viennacl::linalg::host_based::house_update_A_left(viennacl::matrix<SCALARTYPE, viennacl::row_major, ALIGNMENT>&, VectorType&, viennacl::vcl_size_t) [with SCALARTYPE = float; unsigned int ALIGNMENT = 1u; VectorType = viennacl::vector<float>; viennacl::vcl_size_t = unsigned int]’
/home/andi/ViennaCL-1.5.2/viennacl/linalg/matrix_operations.hpp:823:72:   required from ‘void viennacl::linalg::house_update_A_left(viennacl::matrix<SCALARTYPE, viennacl::row_major, ALIGNMENT>&, VectorType&, viennacl::vcl_size_t) [with SCALARTYPE = float; unsigned int ALIGNMENT = 1u; VectorType = viennacl::vector<float>; viennacl::vcl_size_t = unsigned int]’
/home/andi/ViennaCL-1.5.2/viennacl/linalg/qr-method.hpp:871:64:   required from ‘bool viennacl::linalg::detail::householder_twoside(viennacl::matrix<SCALARTYPE, viennacl::row_major, ALIGNMENT>&, viennacl::matrix<SCALARTYPE, viennacl::row_major, ALIGNMENT>&, viennacl::vector<SCALARTYPE, ALIGNMENT>&, viennacl::vcl_size_t) [with SCALARTYPE = float; unsigned int ALIGNMENT = 1u; viennacl::vcl_size_t = unsigned int]’
/home/andi/ViennaCL-1.5.2/viennacl/linalg/qr-method.hpp:941:55:   required from ‘void viennacl::linalg::detail::tridiagonal_reduction(viennacl::matrix<SCALARTYPE, F, ALIGNMENT>&, viennacl::matrix<SCALARTYPE, F, ALIGNMENT>&) [with SCALARTYPE = float; F = viennacl::row_major; unsigned int ALIGNMENT = 1u]’
/home/andi/ViennaCL-1.5.2/viennacl/linalg/qr-method.hpp:965:47:   required from ‘void viennacl::linalg::detail::qr_method(viennacl::matrix<SCALARTYPE, F, ALIGNMENT>&, viennacl::matrix<SCALARTYPE, F, ALIGNMENT>&, boost::numeric::ublas::vector<SCALARTYPE>&, boost::numeric::ublas::vector<SCALARTYPE>&, bool) [with SCALARTYPE = float; F = viennacl::row_major; unsigned int ALIGNMENT = 1u]’
/home/andi/ViennaCL-1.5.2/viennacl/linalg/qr-method.hpp:1034:43:   required from ‘void viennacl::linalg::qr_method_sym(viennacl::matrix<SCALARTYPE, F, ALIGNMENT>&, viennacl::matrix<SCALARTYPE, F, ALIGNMENT>&, boost::numeric::ublas::vector<SCALARTYPE>&) [with SCALARTYPE = float; F = viennacl::row_major; unsigned int ALIGNMENT = 1u]’
/home/andi/ViennaCL-1.5.2/tests/src/qr_method.cpp:207:61:   required from here
/home/andi/ViennaCL-1.5.2/viennacl/vector.hpp:525:124: error: no matching function for call to ‘viennacl::linalg::detail::op_executor<viennacl::vector_base<float>, viennacl::op_assign, viennacl::vector_expression<const viennacl::vector_base<float>, const double, viennacl::op_mult> >::apply(viennacl::vector_base<float>&, const viennacl::vector_expression<const viennacl::vector_base<float>, const double, viennacl::op_mult>&)’
         linalg::detail::op_executor<self_type, op_assign, vector_expression<const LHS, const RHS, OP> >::apply(*this, proxy);
                                                                                                                            ^
/home/andi/ViennaCL-1.5.2/viennacl/vector.hpp:525:124: note: candidates are:
/home/andi/ViennaCL-1.5.2/viennacl/vector.hpp:2093:21: note: template<class LHS, class RHS, class OP> static void viennacl::linalg::detail::op_executor<viennacl::vector_base<T>, viennacl::op_assign, viennacl::vector_expression<const viennacl::vector_base<T>, const S1, viennacl::op_mult> >::apply(viennacl::vector_base<T>&, const viennacl::vector_expression<const viennacl::vector_base<T>, const viennacl::scalar_expression<T1, T2, OP>, viennacl::op_mult>&) [with LHS = LHS; RHS = RHS; OP = OP; T = float; ScalarType = double]
         static void apply(vector_base<T> & lhs, vector_expression<const vector_base<T>, const scalar_expression<LHS, RHS, OP>, op_mult> const & proxy)
                     ^
/home/andi/ViennaCL-1.5.2/viennacl/vector.hpp:2093:21: note:   template argument deduction/substitution failed:
/home/andi/ViennaCL-1.5.2/viennacl/vector.hpp:525:124: note:   mismatched types ‘const viennacl::scalar_expression<LHS, RHS, OP>’ and ‘const double’
         linalg::detail::op_executor<self_type, op_assign, vector_expression<const LHS, const RHS, OP> >::apply(*this, proxy);
                                                                                                                            ^
/home/andi/ViennaCL-1.5.2/viennacl/vector.hpp:525:124: note:   ‘const viennacl::vector_expression<const viennacl::vector_base<float>, const double, viennacl::op_mult>’ is not derived from ‘const viennacl::vector_expression<const viennacl::vector_base<float>, const viennacl::scalar_expression<LHS, RHS, OP>, viennacl::op_mult>’
/home/andi/ViennaCL-1.5.2/viennacl/vector.hpp:2099:21: note: static void viennacl::linalg::detail::op_executor<viennacl::vector_base<T>, viennacl::op_assign, viennacl::vector_expression<const viennacl::vector_base<T>, const S1, viennacl::op_mult> >::apply(viennacl::vector_base<T>&, const viennacl::vector_expression<const viennacl::vector_base<T>, const viennacl::scalar<T>, viennacl::op_mult>&) [with T = float; ScalarType = double]
         static void apply(vector_base<T> & lhs, vector_expression<const vector_base<T>, const scalar<T>, op_mult> const & proxy)
                     ^
/home/andi/ViennaCL-1.5.2/viennacl/vector.hpp:2099:21: note:   no known conversion for argument 2 from ‘const viennacl::vector_expression<const viennacl::vector_base<float>, const double, viennacl::op_mult>’ to ‘const viennacl::vector_expression<const viennacl::vector_base<float>, const viennacl::scalar<float>, viennacl::op_mult>&’
/home/andi/ViennaCL-1.5.2/viennacl/vector.hpp:2104:21: note: static void viennacl::linalg::detail::op_executor<viennacl::vector_base<T>, viennacl::op_assign, viennacl::vector_expression<const viennacl::vector_base<T>, const S1, viennacl::op_mult> >::apply(viennacl::vector_base<T>&, const viennacl::vector_expression<const viennacl::vector_base<T>, const SCALARTYPE, viennacl::op_mult>&) [with T = float; ScalarType = double]
         static void apply(vector_base<T> & lhs, vector_expression<const vector_base<T>, const T, op_mult> const & proxy)
                     ^
/home/andi/ViennaCL-1.5.2/viennacl/vector.hpp:2104:21: note:   no known conversion for argument 2 from ‘const viennacl::vector_expression<const viennacl::vector_base<float>, const double, viennacl::op_mult>’ to ‘const viennacl::vector_expression<const viennacl::vector_base<float>, const float, viennacl::op_mult>&’
Linking CXX executable qr_method-test-opencl
c++: error: CMakeFiles/qr_method-test-opencl.dir/src/qr_method.cpp.o: Datei oder Verzeichnis nicht gefunden
[ 79%] Built target qr_method-test-opencl
Scanning dependencies of target scalar-test-cpu
[ 80%] Building CXX object tests/CMakeFiles/scalar-test-cpu.dir/src/scalar.cpp.o
Linking CXX executable scalar-test-cpu
[ 80%] Built target scalar-test-cpu
Scanning dependencies of target scalar-test-opencl
[ 81%] Building CXX object tests/CMakeFiles/scalar-test-opencl.dir/src/scalar.cpp.o
Linking CXX executable scalar-test-opencl
[ 81%] Built target scalar-test-opencl
Scanning dependencies of target scheduler_matrix-test-cpu
[ 82%] Building CXX object tests/CMakeFiles/scheduler_matrix-test-cpu.dir/src/scheduler_matrix.cpp.o
Linking CXX executable scheduler_matrix-test-cpu
[ 82%] Built target scheduler_matrix-test-cpu
Scanning dependencies of target scheduler_matrix_matrix-test-cpu
[ 82%] Building CXX object tests/CMakeFiles/scheduler_matrix_matrix-test-cpu.dir/src/scheduler_matrix_matrix.cpp.o
Linking CXX executable scheduler_matrix_matrix-test-cpu
[ 82%] Built target scheduler_matrix_matrix-test-cpu
Scanning dependencies of target scheduler_matrix_vector-test-cpu
[ 83%] Building CXX object tests/CMakeFiles/scheduler_matrix_vector-test-cpu.dir/src/scheduler_matrix_vector.cpp.o
Linking CXX executable scheduler_matrix_vector-test-cpu
[ 83%] Built target scheduler_matrix_vector-test-cpu
Scanning dependencies of target scheduler_sparse-test-cpu
[ 84%] Building CXX object tests/CMakeFiles/scheduler_sparse-test-cpu.dir/src/scheduler_sparse.cpp.o
Linking CXX executable scheduler_sparse-test-cpu
[ 84%] Built target scheduler_sparse-test-cpu
Scanning dependencies of target scheduler_vector-test-cpu
[ 85%] Building CXX object tests/CMakeFiles/scheduler_vector-test-cpu.dir/src/scheduler_vector.cpp.o
Linking CXX executable scheduler_vector-test-cpu
[ 85%] Built target scheduler_vector-test-cpu
Scanning dependencies of target sparse-test-cpu
[ 86%] Building CXX object tests/CMakeFiles/sparse-test-cpu.dir/src/sparse.cpp.o
Linking CXX executable sparse-test-cpu
[ 86%] Built target sparse-test-cpu
Scanning dependencies of target sparse-test-opencl
[ 87%] Building CXX object tests/CMakeFiles/sparse-test-opencl.dir/src/sparse.cpp.o
Linking CXX executable sparse-test-opencl
[ 87%] Built target sparse-test-opencl
Scanning dependencies of target spmdm-test-cpu
[ 88%] Building CXX object tests/CMakeFiles/spmdm-test-cpu.dir/src/spmdm.cpp.o
Linking CXX executable spmdm-test-cpu
[ 88%] Built target spmdm-test-cpu
Scanning dependencies of target spmdm-test-opencl
[ 89%] Building CXX object tests/CMakeFiles/spmdm-test-opencl.dir/src/spmdm.cpp.o
Linking CXX executable spmdm-test-opencl
[ 89%] Built target spmdm-test-opencl
Scanning dependencies of target structured-matrices-test-opencl
[ 90%] Building CXX object tests/CMakeFiles/structured-matrices-test-opencl.dir/src/structured-matrices.cpp.o
Linking CXX executable structured-matrices-test-opencl
[ 90%] Built target structured-matrices-test-opencl
Scanning dependencies of target svd-test-opencl
[ 91%] Building CXX object tests/CMakeFiles/svd-test-opencl.dir/src/svd.cpp.o
In file included from /home/andi/ViennaCL-1.5.2/tests/src/svd.cpp:27:0:
/home/andi/ViennaCL-1.5.2/viennacl/linalg/svd.hpp: In function ‘void viennacl::linalg::svd(viennacl::matrix<SCALARTYPE, viennacl::row_major, ALIGNMENT>&, viennacl::matrix<SCALARTYPE, viennacl::row_major, ALIGNMENT>&, viennacl::matrix<SCALARTYPE, viennacl::row_major, ALIGNMENT>&)’:
/home/andi/ViennaCL-1.5.2/viennacl/linalg/svd.hpp:517:7: error: ‘bidiag_pack’ is not a member of ‘viennacl::linalg::detail’
       detail::bidiag_pack(A, dh, sh);
       ^
/home/andi/ViennaCL-1.5.2/viennacl/linalg/svd.hpp:517:7: note: suggested alternatives:
In file included from /home/andi/ViennaCL-1.5.2/viennacl/matrix.hpp:28:0,
                 from /home/andi/ViennaCL-1.5.2/tests/src/svd.cpp:24:
/home/andi/ViennaCL-1.5.2/viennacl/linalg/matrix_operations.hpp:783:10: note:   ‘viennacl::linalg::bidiag_pack’
     void bidiag_pack(viennacl::matrix<SCALARTYPE, row_major, ALIGNMENT>& A,
          ^
In file included from /home/andi/ViennaCL-1.5.2/viennacl/linalg/matrix_operations.hpp:38:0,
                 from /home/andi/ViennaCL-1.5.2/viennacl/matrix.hpp:28,
                 from /home/andi/ViennaCL-1.5.2/tests/src/svd.cpp:24:
/home/andi/ViennaCL-1.5.2/viennacl/linalg/host_based/matrix_operations.hpp:1177:13: note:   ‘viennacl::linalg::host_based::bidiag_pack’
        void bidiag_pack(viennacl::matrix<SCALARTYPE, row_major, ALIGNMENT>& A,
             ^
In file included from /home/andi/ViennaCL-1.5.2/viennacl/linalg/matrix_operations.hpp:41:0,
                 from /home/andi/ViennaCL-1.5.2/viennacl/matrix.hpp:28,
                 from /home/andi/ViennaCL-1.5.2/tests/src/svd.cpp:24:
/home/andi/ViennaCL-1.5.2/viennacl/linalg/opencl/matrix_operations.hpp:1002:12: note:   ‘viennacl::linalg::opencl::bidiag_pack’
       void bidiag_pack(viennacl::matrix<SCALARTYPE, row_major, ALIGNMENT>& A,
            ^
Linking CXX executable svd-test-opencl
c++: error: CMakeFiles/svd-test-opencl.dir/src/svd.cpp.o: Datei oder Verzeichnis nicht gefunden
[ 91%] Built target svd-test-opencl
Scanning dependencies of target vector_double-test-cpu
[ 92%] Building CXX object tests/CMakeFiles/vector_double-test-cpu.dir/src/vector_double.cpp.o
Linking CXX executable vector_double-test-cpu
[ 92%] Built target vector_double-test-cpu
Scanning dependencies of target vector_double-test-opencl
[ 93%] Building CXX object tests/CMakeFiles/vector_double-test-opencl.dir/src/vector_double.cpp.o
Linking CXX executable vector_double-test-opencl
[ 93%] Built target vector_double-test-opencl
Scanning dependencies of target vector_float-test-cpu
[ 94%] Building CXX object tests/CMakeFiles/vector_float-test-cpu.dir/src/vector_float.cpp.o
Linking CXX executable vector_float-test-cpu
[ 94%] Built target vector_float-test-cpu
Scanning dependencies of target vector_float-test-opencl
[ 95%] Building CXX object tests/CMakeFiles/vector_float-test-opencl.dir/src/vector_float.cpp.o
Linking CXX executable vector_float-test-opencl
[ 95%] Built target vector_float-test-opencl
Scanning dependencies of target vector_int-test-cpu
[ 96%] Building CXX object tests/CMakeFiles/vector_int-test-cpu.dir/src/vector_int.cpp.o
Linking CXX executable vector_int-test-cpu
[ 96%] Built target vector_int-test-cpu
Scanning dependencies of target vector_int-test-opencl
[ 96%] Building CXX object tests/CMakeFiles/vector_int-test-opencl.dir/src/vector_int.cpp.o
Linking CXX executable vector_int-test-opencl
[ 96%] Built target vector_int-test-opencl
Scanning dependencies of target vector_multi_inner_prod-test-cpu
[ 97%] Building CXX object tests/CMakeFiles/vector_multi_inner_prod-test-cpu.dir/src/vector_multi_inner_prod.cpp.o
Linking CXX executable vector_multi_inner_prod-test-cpu
[ 97%] Built target vector_multi_inner_prod-test-cpu
Scanning dependencies of target vector_multi_inner_prod-test-opencl
[ 98%] Building CXX object tests/CMakeFiles/vector_multi_inner_prod-test-opencl.dir/src/vector_multi_inner_prod.cpp.o
Linking CXX executable vector_multi_inner_prod-test-opencl
[ 98%] Built target vector_multi_inner_prod-test-opencl
Scanning dependencies of target vector_uint-test-cpu
[ 99%] Building CXX object tests/CMakeFiles/vector_uint-test-cpu.dir/src/vector_uint.cpp.o
Linking CXX executable vector_uint-test-cpu
[ 99%] Built target vector_uint-test-cpu
Scanning dependencies of target vector_uint-test-opencl
[100%] Building CXX object tests/CMakeFiles/vector_uint-test-opencl.dir/src/vector_uint.cpp.o
Linking CXX executable vector_uint-test-opencl
[100%] Built target vector_uint-test-opencl
